#
# A fatal error has been detected by the Java Runtime Environment:
#
#  SIGSEGV (0xb) at pc=0x00007fe361411675, pid=1417, tid=1418
#
# JRE version: OpenJDK Runtime Environment (11.0.8+10) (build 11.0.8+10-post-Ubuntu-0ubuntu120.04)
# Java VM: OpenJDK 64-Bit Server VM (11.0.8+10-post-Ubuntu-0ubuntu120.04, mixed mode, sharing, tiered, compressed oops, serial gc, linux-amd64)
# Problematic frame:
# C  [libc.so.6+0x18b675]
#
# Core dump will be written. Default location: Core dumps may be processed with "/usr/share/apport/apport %p %s %c %d %P %E" (or dumping to /home/theodorebasmanov/OS Labs/Lab2/lab2/server/core.1417)
#
# If you would like to submit a bug report, please visit:
#   https://bugs.launchpad.net/ubuntu/+source/openjdk-lts
# The crash happened outside the Java Virtual Machine in native code.
# See problematic frame for where to report the bug.
#

---------------  S U M M A R Y ------------

Command Line: -Dfile.encoding=UTF-8 -Duser.country=US -Duser.language=en -Duser.variant os.server.Main

Host: Intel(R) Core(TM) i5-8250U CPU @ 1.60GHz, 1 cores, 1G, Ubuntu 20.04.1 LTS
Time: Sun Oct 18 16:40:44 2020 MSK elapsed time: 0 seconds (0d 0h 0m 0s)

---------------  T H R E A D  ---------------

Current thread (0x00007fe358015800):  JavaThread "main" [_thread_in_native, id=1418, stack(0x00007fe35fc6e000,0x00007fe35fd6f000)]

Stack: [0x00007fe35fc6e000,0x00007fe35fd6f000],  sp=0x00007fe35fd6d788,  free space=1021k
Native frames: (J=compiled Java code, A=aot compiled Java code, j=interpreted, Vv=VM code, C=native code)
C  [libc.so.6+0x18b675]

Java frames: (J=compiled Java code, j=interpreted, Vv=VM code)
j  os.process.Process.time()[B+0
j  os.process.Process.getTime()Ljava/lang/String;+4
j  os.process.Process.<init>(I)V+20
j  os.process.Runtime.fork()V+43
j  os.process.Runtime.childRun(Ljava/lang/Runnable;)V+0
j  os.server.Main.main([Ljava/lang/String;)V+30
v  ~StubRoutines::call_stub

siginfo: si_signo: 11 (SIGSEGV), si_code: 1 (SEGV_MAPERR), si_addr: 0x0000000000000000

Register to memory mapping:

RAX=0x0 is NULL
RBX={method} {0x00007fe35f455c58} 'time' '()[B' in 'os/process/Process'
RCX=0x0 is NULL
RDX=0x0 is NULL
RSP=0x00007fe35fd6d788 is pointing into the stack for thread: 0x00007fe358015800
RBP=0x00007fe358015b40 points into unknown readable memory: 20 59 1b 61 e3 7f 00 00
RSI=0x0 is NULL
RDI=0x0 is NULL
R8 =0x0 is NULL
R9 =0x000000000010a000 is an unknown value
R10=0xfffffffffffff3ce is an unknown value
R11=0x00007fe361411660: <offset 0x000000000018b660> in /lib/x86_64-linux-gnu/libc.so.6 at 0x00007fe361286000
R12=0x0 is NULL
R13={method} {0x00007fe35f455c58} 'time' '()[B' in 'os/process/Process'
R14=0x00007fe35fd6d810 is pointing into the stack for thread: 0x00007fe358015800
R15=0x00007fe358015800 is a thread


Registers:
RAX=0x0000000000000000, RBX=0x00007fe35f455c58, RCX=0x0000000000000000, RDX=0x0000000000000000
RSP=0x00007fe35fd6d788, RBP=0x00007fe358015b40, RSI=0x0000000000000000, RDI=0x0000000000000000
R8 =0x0000000000000000, R9 =0x000000000010a000, R10=0xfffffffffffff3ce, R11=0x00007fe361411660
R12=0x0000000000000000, R13=0x00007fe35f455c58, R14=0x00007fe35fd6d810, R15=0x00007fe358015800
RIP=0x00007fe361411675, EFLAGS=0x0000000000010283, CSGSFS=0x002b000000000033, ERR=0x0000000000000004
  TRAPNO=0x000000000000000e

Top of Stack: (sp=0x00007fe35fd6d788)
0x00007fe35fd6d788:   00007fe35df591aa 00007fe35fd6d7f8
0x00007fe35fd6d798:   00007fe35f455c58 00007fe35fd6d7f8
0x00007fe35fd6d7a8:   00007fe340911270 00007fe35fd6d7b0
0x00007fe35fd6d7b8:   00007fe35f455c58 00007fe35fd6d810 

Instructions: (pc=0x00007fe361411675)
0x00007fe361411575:   83 c7 20 c5 dd 74 d9 c5 fd d7 ca c5 fd d7 c3 09
0x00007fe361411585:   c1 75 38 c5 fd 6f 0f c5 fd 74 d1 48 83 c7 20 c5
0x00007fe361411595:   dd 74 d9 c5 fd d7 ca c5 fd d7 c3 09 c1 75 1c c5
0x00007fe3614115a5:   fd 6f 0f c5 fd 74 d1 48 83 c7 20 c5 dd 74 d9 c5
0x00007fe3614115b5:   fd d7 ca c5 fd d7 c3 09 c1 74 90 85 c0 75 1c 85
0x00007fe3614115c5:   d2 0f 84 84 00 00 00 89 d0 48 89 f7 0f bd c0 48
0x00007fe3614115d5:   8d 44 07 e0 c5 f8 77 c3 0f 1f 00 c5 fd d7 ca 85
0x00007fe3614115e5:   c9 75 18 89 c2 48 89 fe e9 5e ff ff ff 66 66 2e
0x00007fe3614115f5:   0f 1f 84 00 00 00 00 00 0f 1f 00 41 89 c8 41 83
0x00007fe361411605:   e8 01 41 31 c8 44 21 c0 85 c0 74 b3 0f bd c0 48
0x00007fe361411615:   8d 44 07 e0 c5 f8 77 c3 0f 1f 00 48 01 cf 89 d1
0x00007fe361411625:   41 89 c8 41 83 e8 01 41 31 c8 44 21 c0 85 c0 74
0x00007fe361411635:   1a 0f bd c0 48 8d 44 07 e0 c5 f8 77 c3 66 66 2e
0x00007fe361411645:   0f 1f 84 00 00 00 00 00 0f 1f 00 31 c0 c5 f8 77
0x00007fe361411655:   c3 66 2e 0f 1f 84 00 00 00 00 00 f3 0f 1e fa 89
0x00007fe361411665:   f9 48 89 fa c5 f9 ef c0 83 e1 3f 83 f9 20 77 2b
0x00007fe361411675:   c5 fd 74 0f c5 fd d7 c1 85 c0 0f 85 eb 00 00 00
0x00007fe361411685:   48 83 c7 20 83 e1 1f 48 83 e7 e0 eb 42 66 66 2e
0x00007fe361411695:   0f 1f 84 00 00 00 00 00 0f 1f 00 83 e1 1f 48 83
0x00007fe3614116a5:   e7 e0 c5 fd 74 0f c5 fd d7 c1 d3 f8 85 c0 74 1b
0x00007fe3614116b5:   f3 0f bc c0 48 01 f8 48 01 c8 48 29 d0 c5 f8 77
0x00007fe3614116c5:   c3 66 2e 0f 1f 84 00 00 00 00 00 48 83 c7 20 c5
0x00007fe3614116d5:   fd 74 0f c5 fd d7 c1 85 c0 0f 85 8c 00 00 00 c5
0x00007fe3614116e5:   fd 74 4f 20 c5 fd d7 c1 85 c0 0f 85 8b 00 00 00
0x00007fe3614116f5:   c5 fd 74 4f 40 c5 fd d7 c1 85 c0 0f 85 9a 00 00
0x00007fe361411705:   00 c5 fd 74 4f 60 c5 fd d7 c1 85 c0 0f 85 d5 00
0x00007fe361411715:   00 00 48 81 c7 80 00 00 00 48 89 f9 83 e1 7f 48
0x00007fe361411725:   83 e7 80 0f 1f 84 00 00 00 00 00 c5 fd 6f 0f c5
0x00007fe361411735:   fd 6f 57 20 c5 fd 6f 5f 40 c5 fd 6f 67 60 c5 ed
0x00007fe361411745:   da e9 c5 dd da f3 c5 cd da ed c5 fd 74 ed c5 fd
0x00007fe361411755:   d7 c5 85 c0 75 65 48 81 c7 80 00 00 00 eb cc 66
0x00007fe361411765:   66 2e 0f 1f 84 00 00 00 00 00 90 f3 0f bc c0 48 


Stack slot to memory mapping:
stack at sp + 0 slots: 0x00007fe35df591aa: Java_os_process_Process_time+0x000000000000001a in /tmp/nativeutils96175826668/libbridge.so at 0x00007fe35df56000
stack at sp + 1 slots: 0x00007fe35fd6d7f8 is pointing into the stack for thread: 0x00007fe358015800
stack at sp + 2 slots: {method} {0x00007fe35f455c58} 'time' '()[B' in 'os/process/Process'
stack at sp + 3 slots: 0x00007fe35fd6d7f8 is pointing into the stack for thread: 0x00007fe358015800
stack at sp + 4 slots: 0x00007fe340911270 is at code_begin+944 in an Interpreter codelet
method entry point (kind = native)  [0x00007fe340910ec0, 0x00007fe3409117e0]  2336 bytes
stack at sp + 5 slots: 0x00007fe35fd6d7b0 is pointing into the stack for thread: 0x00007fe358015800
stack at sp + 6 slots: {method} {0x00007fe35f455c58} 'time' '()[B' in 'os/process/Process'
stack at sp + 7 slots: 0x00007fe35fd6d810 is pointing into the stack for thread: 0x00007fe358015800


---------------  P R O C E S S  ---------------

Threads class SMR info:
_java_thread_list=0x00007fe3580a55a0, length=9, elements={
0x00007fe358015800, 0x00007fe358050000, 0x00007fe358052000, 0x00007fe358059800,
0x00007fe35805b800, 0x00007fe35805d800, 0x00007fe35805f800, 0x00007fe35809a800,
0x00007fe3580a4000
}

Java Threads: ( => current thread )
=>0x00007fe358015800 JavaThread "main" [_thread_in_native, id=1418, stack(0x00007fe35fc6e000,0x00007fe35fd6f000)]
  0x00007fe358050000 JavaThread "Reference Handler" daemon [_thread_blocked, id=1420, stack(0x00007fe35ed35000,0x00007fe35ee36000)]
  0x00007fe358052000 JavaThread "Finalizer" daemon [_thread_blocked, id=1421, stack(0x00007fe35ec34000,0x00007fe35ed35000)]
  0x00007fe358059800 JavaThread "Signal Dispatcher" daemon [_thread_blocked, id=1422, stack(0x00007fe35e5c2000,0x00007fe35e6c3000)]
  0x00007fe35805b800 JavaThread "C2 CompilerThread0" daemon [_thread_blocked, id=1423, stack(0x00007fe35e4c1000,0x00007fe35e5c2000)]
  0x00007fe35805d800 JavaThread "C1 CompilerThread0" daemon [_thread_blocked, id=1424, stack(0x00007fe35e3c0000,0x00007fe35e4c1000)]
  0x00007fe35805f800 JavaThread "Sweeper thread" daemon [_thread_blocked, id=1425, stack(0x00007fe35e2bf000,0x00007fe35e3c0000)]
  0x00007fe35809a800 JavaThread "Service Thread" daemon [_thread_blocked, id=1426, stack(0x00007fe35e1be000,0x00007fe35e2bf000)]
  0x00007fe3580a4000 JavaThread "Common-Cleaner" daemon [_thread_blocked, id=1428, stack(0x00007fe35dfbb000,0x00007fe35e0bc000)]

Other Threads:
  0x00007fe35804d000 VMThread "VM Thread" [stack: 0x00007fe35ee38000,0x00007fe35ef38000] [id=1419]
  0x00007fe35809c800 WatcherThread [stack: 0x00007fe35e0be000,0x00007fe35e1be000] [id=1427]

Threads with active compile tasks:

VM state:not at safepoint (normal execution)

VM Mutex/Monitor currently owned by a thread: None

Heap address: 0x00000000e0e00000, size: 498 MB, Compressed Oops mode: 32-bit
Narrow klass base: 0x0000000800000000, Narrow klass shift: 3
Compressed class space size: 1073741824 Address: 0x0000000840000000

Heap:
 def new generation   total 9792K, used 2293K [0x00000000e0e00000, 0x00000000e18a0000, 0x00000000eb400000)
  eden space 8704K,  26% used [0x00000000e0e00000, 0x00000000e103d740, 0x00000000e1680000)
  from space 1088K,   0% used [0x00000000e1680000, 0x00000000e1680000, 0x00000000e1790000)
  to   space 1088K,   0% used [0x00000000e1790000, 0x00000000e1790000, 0x00000000e18a0000)
 tenured generation   total 21888K, used 0K [0x00000000eb400000, 0x00000000ec960000, 0x0000000100000000)
   the space 21888K,   0% used [0x00000000eb400000, 0x00000000eb400000, 0x00000000eb400200, 0x00000000ec960000)
 Metaspace       used 986K, capacity 4704K, committed 4864K, reserved 1056768K
  class space    used 106K, capacity 466K, committed 512K, reserved 1048576K

Card table byte_map: [0x00007fe35f925000,0x00007fe35fa1f000] _byte_map_base: 0x00007fe35f21e000

Polling page: 0x00007fe35fc2a000

Metaspace:

Usage:
  Non-class:      4,14 MB capacity,   880,21 KB ( 21%) used,     3,27 MB ( 79%) free+waste,     4,25 KB ( <1%) overhead. 
      Class:    466,00 KB capacity,   106,12 KB ( 23%) used,   356,88 KB ( 77%) free+waste,     3,00 KB ( <1%) overhead. 
       Both:      4,59 MB capacity,   986,33 KB ( 21%) used,     3,62 MB ( 79%) free+waste,     7,25 KB ( <1%) overhead. 

Virtual space:
  Non-class space:        8,00 MB reserved,       4,25 MB ( 53%) committed 
      Class space:        1,00 GB reserved,     512,00 KB ( <1%) committed 
             Both:        1,01 GB reserved,       4,75 MB ( <1%) committed 

Chunk freelists:
   Non-Class:  2,00 KB
       Class:  14,00 KB
        Both:  16,00 KB

MaxMetaspaceSize: unlimited
CompressedClassSpaceSize: 1,00 GB

CodeHeap 'non-profiled nmethods': size=120036Kb used=77Kb max_used=77Kb free=119958Kb
 bounds [0x00007fe3483c9000, 0x00007fe348639000, 0x00007fe34f902000]
CodeHeap 'profiled nmethods': size=120032Kb used=442Kb max_used=442Kb free=119589Kb
 bounds [0x00007fe340e91000, 0x00007fe341101000, 0x00007fe3483c9000]
CodeHeap 'non-nmethods': size=5692Kb used=1056Kb max_used=1067Kb free=4635Kb
 bounds [0x00007fe340902000, 0x00007fe340b72000, 0x00007fe340e91000]
 total_blobs=669 nmethods=309 adapters=275
 compilation: enabled
              stopped_count=0, restarted_count=0
 full_count=0

Compilation events (20 events):
Event: 0,195 Thread 0x00007fe35805d800  296       1       java.nio.Buffer::position (5 bytes)
Event: 0,195 Thread 0x00007fe35805d800 nmethod 296 0x00007fe3483db990 code [0x00007fe3483dbb40, 0x00007fe3483dbc10]
Event: 0,220 Thread 0x00007fe35805d800  297       3       java.lang.Character::toLowerCase (9 bytes)
Event: 0,220 Thread 0x00007fe35805d800 nmethod 297 0x00007fe340efc810 code [0x00007fe340efc9e0, 0x00007fe340efcbd0]
Event: 0,220 Thread 0x00007fe35805d800  298       3       java.lang.CharacterDataLatin1::toLowerCase (39 bytes)
Event: 0,221 Thread 0x00007fe35805d800 nmethod 298 0x00007fe340efcc90 code [0x00007fe340efce60, 0x00007fe340efd0b0]
Event: 0,222 Thread 0x00007fe35805d800  299       3       java.nio.Buffer::position (55 bytes)
Event: 0,222 Thread 0x00007fe35805d800 nmethod 299 0x00007fe340efd210 code [0x00007fe340efd3e0, 0x00007fe340efd660]
Event: 0,222 Thread 0x00007fe35805d800  300       3       java.lang.String::lastIndexOf (29 bytes)
Event: 0,222 Thread 0x00007fe35805d800 nmethod 300 0x00007fe340efd710 code [0x00007fe340efd8e0, 0x00007fe340efdb70]
Event: 0,222 Thread 0x00007fe35805d800  301       3       java.lang.String::lastIndexOf (12 bytes)
Event: 0,223 Thread 0x00007fe35805d800 nmethod 301 0x00007fe340efdc90 code [0x00007fe340efde80, 0x00007fe340efe270]
Event: 0,223 Thread 0x00007fe35805d800  303       3       java.lang.String::startsWith (138 bytes)
Event: 0,224 Thread 0x00007fe35805d800 nmethod 303 0x00007fe340efe410 code [0x00007fe340efe640, 0x00007fe340eff010]
Event: 0,224 Thread 0x00007fe35805d800  305       3       java.lang.invoke.MethodType::toMethodDescriptorString (28 bytes)
Event: 0,224 Thread 0x00007fe35805d800 nmethod 305 0x00007fe340eff310 code [0x00007fe340eff4c0, 0x00007fe340eff680]
Event: 0,225 Thread 0x00007fe35805b800  308       4       java.util.Objects::requireNonNull (14 bytes)
Event: 0,226 Thread 0x00007fe35805b800 nmethod 308 0x00007fe3483dc490 code [0x00007fe3483dc620, 0x00007fe3483dc678]
Event: 0,226 Thread 0x00007fe35805d800  309       3       java.lang.invoke.LambdaForm::forceInterpretation (14 bytes)
Event: 0,226 Thread 0x00007fe35805d800 nmethod 309 0x00007fe340eff710 code [0x00007fe340eff8c0, 0x00007fe340effa30]

GC Heap History (0 events):
No events

Deoptimization events (6 events):
Event: 0,051 Thread 0x00007fe358015800 Uncommon trap: trap_request=0xffffff4d fr.pc=0x00007fe3483ccbe0 relative=0x00000000000001c0
Event: 0,051 Thread 0x00007fe358015800 Uncommon trap: reason=unstable_if action=reinterpret pc=0x00007fe3483ccbe0 method=java.lang.String.hashCode()I @ 14 c2
Event: 0,051 Thread 0x00007fe358015800 DEOPT PACKING pc=0x00007fe3483ccbe0 sp=0x00007fe35fd6c2d0
Event: 0,051 Thread 0x00007fe358015800 DEOPT UNPACKING pc=0x00007fe340928125 sp=0x00007fe35fd6c288 mode 2
Event: 0,174 Thread 0x00007fe358015800 DEOPT PACKING pc=0x00007fe340e9129f sp=0x00007fe35fd6c060
Event: 0,174 Thread 0x00007fe358015800 DEOPT UNPACKING pc=0x00007fe340927f3a sp=0x00007fe35fd6b4f8 mode 0

Classes redefined (0 events):
No events

Internal exceptions (8 events):
Event: 0,060 Thread 0x00007fe358015800 Exception <a 'java/security/PrivilegedActionException'{0x00000000e0ec63a0}> (0x00000000e0ec63a0) thrown at [src/hotspot/share/prims/jvm.cpp, line 1295]
Event: 0,060 Thread 0x00007fe358015800 Exception <a 'java/security/PrivilegedActionException'{0x00000000e0ec6670}> (0x00000000e0ec6670) thrown at [src/hotspot/share/prims/jvm.cpp, line 1295]
Event: 0,163 Thread 0x00007fe358015800 Exception <a 'java/lang/NoSuchMethodError'{0x00000000e0fa7548}: 'java.lang.Object java.lang.invoke.DirectMethodHandle$Holder.invokeStatic(java.lang.Object, java.lang.Object, java.lang.Object, java.lang.Object, java.lang.Object, java.lang.Object, java.lang.Object, java.lang.Object, java.lang.Object, java.lang.Object, java.lang.Object, int)'> (0x00000000e0fa7548) thrown at [src/hotspot/share/interpreter/linkResolver.cpp, line 772]
Event: 0,172 Thread 0x00007fe358015800 Exception <a 'java/lang/NoSuchMethodError'{0x00000000e0fc5dd8}: 'java.lang.Object java.lang.invoke.DirectMethodHandle$Holder.invokeStatic(java.lang.Object, java.lang.Object, java.lang.Object, java.lang.Object, java.lang.Object, java.lang.Object, java.lang.Object, java.lang.Object, java.lang.Object, java.lang.Object, java.lang.Object, int, int)'> (0x00000000e0fc5dd8) thrown at [src/hotspot/share/interpreter/linkResolver.cpp, line 772]
Event: 0,181 Thread 0x00007fe358015800 Exception <a 'java/lang/NoSuchMethodError'{0x00000000e0fe55c8}: 'java.lang.Object java.lang.invoke.DirectMethodHandle$Holder.invokeStatic(java.lang.Object, java.lang.Object, java.lang.Object, java.lang.Object, java.lang.Object, java.lang.Object, java.lang.Object, java.lang.Object, java.lang.Object, java.lang.Object, java.lang.Object, int, int, java.lang.Object)'> (0x00000000e0fe55c8) thrown at [src/hotspot/share/interpreter/linkResolver.cpp, line 772]
Event: 0,182 Thread 0x00007fe358015800 Exception <a 'java/lang/NoSuchMethodError'{0x00000000e0ff4478}: 'java.lang.Object java.lang.invoke.Invokers$Holder.linkToTargetMethod(java.lang.Object, long, java.lang.Object)'> (0x00000000e0ff4478) thrown at [src/hotspot/share/interpreter/linkResolver.cpp, line 772]
Event: 0,206 Thread 0x00007fe358015800 Exception <a 'sun/nio/fs/UnixException'{0x00000000e1003ee8}> (0x00000000e1003ee8) thrown at [src/hotspot/share/prims/jni.cpp, line 615]
Event: 0,223 Thread 0x00007fe358015800 Exception <a 'java/lang/NoSuchMethodError'{0x00000000e1020968}: 'void java.lang.invoke.DirectMethodHandle$Holder.invokeStaticInit(java.lang.Object)'> (0x00000000e1020968) thrown at [src/hotspot/share/interpreter/linkResolver.cpp, line 772]

Events (20 events):
Event: 0,218 loading class java/nio/DirectByteBuffer$Deallocator done
Event: 0,219 loading class sun/nio/ch/IOStatus
Event: 0,219 loading class sun/nio/ch/IOStatus done
Event: 0,219 Loaded shared library /tmp/nativeutils96175826668/libbridge.so
Event: 0,219 loading class sun/nio/fs/LinuxFileSystem$SupportedFileFileAttributeViewsHolder
Event: 0,220 loading class sun/nio/fs/LinuxFileSystem$SupportedFileFileAttributeViewsHolder done
Event: 0,220 loading class os/process/Signal
Event: 0,220 loading class os/process/Signal done
Event: 0,221 loading class os/process/Runtime
Event: 0,221 loading class os/process/Runtime done
Event: 0,222 loading class os/process/pipe/WritePipe
Event: 0,222 loading class os/process/pipe/WritePipe done
Event: 0,222 loading class os/process/pipe/Pipe
Event: 0,222 loading class os/process/pipe/Pipe done
Event: 0,223 loading class os/process/pipe/ReadPipe
Event: 0,223 loading class os/process/pipe/ReadPipe done
Event: 0,226 loading class os/process/Runtime$ForkStatus
Event: 0,226 loading class os/process/Runtime$ForkStatus done
Event: 0,228 loading class os/process/Process
Event: 0,228 loading class os/process/Process done


Dynamic libraries:
e0e00000-e18a0000 rw-p 00000000 00:00 0 
e18a0000-eb400000 ---p 00000000 00:00 0 
eb400000-ec960000 rw-p 00000000 00:00 0 
ec960000-100000000 ---p 00000000 00:00 0 
800000000-800002000 rwxp 00001000 08:05 12651                            /usr/lib/jvm/java-11-openjdk-amd64/lib/server/classes.jsa
800002000-8003b9000 rw-p 00003000 08:05 12651                            /usr/lib/jvm/java-11-openjdk-amd64/lib/server/classes.jsa
8003b9000-800a80000 r--p 003ba000 08:05 12651                            /usr/lib/jvm/java-11-openjdk-amd64/lib/server/classes.jsa
800a80000-800a81000 rw-p 00a81000 08:05 12651                            /usr/lib/jvm/java-11-openjdk-amd64/lib/server/classes.jsa
800a81000-80108e000 r--p 00a82000 08:05 12651                            /usr/lib/jvm/java-11-openjdk-amd64/lib/server/classes.jsa
840000000-840080000 rw-p 00000000 00:00 0 
840080000-880000000 ---p 00000000 00:00 0 
555bcb55a000-555bcb55b000 r--p 00000000 08:05 12083                      /usr/lib/jvm/java-11-openjdk-amd64/bin/java
555bcb55b000-555bcb55c000 r-xp 00001000 08:05 12083                      /usr/lib/jvm/java-11-openjdk-amd64/bin/java
555bcb55c000-555bcb55d000 r--p 00002000 08:05 12083                      /usr/lib/jvm/java-11-openjdk-amd64/bin/java
555bcb55d000-555bcb55e000 r--p 00002000 08:05 12083                      /usr/lib/jvm/java-11-openjdk-amd64/bin/java
555bcb55e000-555bcb55f000 rw-p 00003000 08:05 12083                      /usr/lib/jvm/java-11-openjdk-amd64/bin/java
555bccedb000-555bccefc000 rw-p 00000000 00:00 0                          [heap]
7fe324000000-7fe32428d000 rw-p 00000000 00:00 0 
7fe32428d000-7fe328000000 ---p 00000000 00:00 0 
7fe328000000-7fe328021000 rw-p 00000000 00:00 0 
7fe328021000-7fe32c000000 ---p 00000000 00:00 0 
7fe32c000000-7fe32c021000 rw-p 00000000 00:00 0 
7fe32c021000-7fe330000000 ---p 00000000 00:00 0 
7fe330000000-7fe330088000 rw-p 00000000 00:00 0 
7fe330088000-7fe334000000 ---p 00000000 00:00 0 
7fe334000000-7fe334021000 rw-p 00000000 00:00 0 
7fe334021000-7fe338000000 ---p 00000000 00:00 0 
7fe338000000-7fe338021000 rw-p 00000000 00:00 0 
7fe338021000-7fe33c000000 ---p 00000000 00:00 0 
7fe33c000000-7fe33c021000 rw-p 00000000 00:00 0 
7fe33c021000-7fe340000000 ---p 00000000 00:00 0 
7fe340902000-7fe340b72000 rwxp 00000000 00:00 0 
7fe340b72000-7fe340e91000 ---p 00000000 00:00 0 
7fe340e91000-7fe341101000 rwxp 00000000 00:00 0 
7fe341101000-7fe3483c9000 ---p 00000000 00:00 0 
7fe3483c9000-7fe348639000 rwxp 00000000 00:00 0 
7fe348639000-7fe34f902000 ---p 00000000 00:00 0 
7fe34f902000-7fe358000000 r--s 00000000 08:05 12246                      /usr/lib/jvm/java-11-openjdk-amd64/lib/modules
7fe358000000-7fe358120000 rw-p 00000000 00:00 0 
7fe358120000-7fe35c000000 ---p 00000000 00:00 0 
7fe35df56000-7fe35df58000 r--p 00000000 08:05 265064                     /tmp/nativeutils96175826668/libbridge.so (deleted)
7fe35df58000-7fe35df5a000 r-xp 00002000 08:05 265064                     /tmp/nativeutils96175826668/libbridge.so (deleted)
7fe35df5a000-7fe35df5b000 r--p 00004000 08:05 265064                     /tmp/nativeutils96175826668/libbridge.so (deleted)
7fe35df5b000-7fe35df5c000 r--p 00004000 08:05 265064                     /tmp/nativeutils96175826668/libbridge.so (deleted)
7fe35df5c000-7fe35df5d000 rw-p 00005000 08:05 265064                     /tmp/nativeutils96175826668/libbridge.so (deleted)
7fe35df5d000-7fe35df8e000 rw-p 00000000 00:00 0 
7fe35df8e000-7fe35df92000 r--p 00000000 08:05 12236                      /usr/lib/jvm/java-11-openjdk-amd64/lib/libnet.so
7fe35df92000-7fe35dfa1000 r-xp 00004000 08:05 12236                      /usr/lib/jvm/java-11-openjdk-amd64/lib/libnet.so
7fe35dfa1000-7fe35dfa5000 r--p 00013000 08:05 12236                      /usr/lib/jvm/java-11-openjdk-amd64/lib/libnet.so
7fe35dfa5000-7fe35dfa6000 r--p 00016000 08:05 12236                      /usr/lib/jvm/java-11-openjdk-amd64/lib/libnet.so
7fe35dfa6000-7fe35dfa7000 rw-p 00017000 08:05 12236                      /usr/lib/jvm/java-11-openjdk-amd64/lib/libnet.so
7fe35dfa7000-7fe35dfae000 r--p 00000000 08:05 12237                      /usr/lib/jvm/java-11-openjdk-amd64/lib/libnio.so
7fe35dfae000-7fe35dfb6000 r-xp 00007000 08:05 12237                      /usr/lib/jvm/java-11-openjdk-amd64/lib/libnio.so
7fe35dfb6000-7fe35dfb9000 r--p 0000f000 08:05 12237                      /usr/lib/jvm/java-11-openjdk-amd64/lib/libnio.so
7fe35dfb9000-7fe35dfba000 r--p 00011000 08:05 12237                      /usr/lib/jvm/java-11-openjdk-amd64/lib/libnio.so
7fe35dfba000-7fe35dfbb000 rw-p 00012000 08:05 12237                      /usr/lib/jvm/java-11-openjdk-amd64/lib/libnio.so
7fe35dfbb000-7fe35dfbf000 ---p 00000000 00:00 0 
7fe35dfbf000-7fe35e0bc000 rw-p 00000000 00:00 0 
7fe35e0bc000-7fe35e0bd000 ---p 00000000 00:00 0 
7fe35e0bd000-7fe35e1be000 rw-p 00000000 00:00 0 
7fe35e1be000-7fe35e1c2000 ---p 00000000 00:00 0 
7fe35e1c2000-7fe35e2bf000 rw-p 00000000 00:00 0 
7fe35e2bf000-7fe35e2c3000 ---p 00000000 00:00 0 
7fe35e2c3000-7fe35e3c0000 rw-p 00000000 00:00 0 
7fe35e3c0000-7fe35e3c4000 ---p 00000000 00:00 0 
7fe35e3c4000-7fe35e4c1000 rw-p 00000000 00:00 0 
7fe35e4c1000-7fe35e4c5000 ---p 00000000 00:00 0 
7fe35e4c5000-7fe35e5c2000 rw-p 00000000 00:00 0 
7fe35e5c2000-7fe35e5c6000 ---p 00000000 00:00 0 
7fe35e5c6000-7fe35e6c3000 rw-p 00000000 00:00 0 
7fe35e6c3000-7fe35ec34000 r--p 00000000 08:05 401466                     /usr/lib/locale/locale-archive
7fe35ec34000-7fe35ec38000 ---p 00000000 00:00 0 
7fe35ec38000-7fe35ed35000 rw-p 00000000 00:00 0 
7fe35ed35000-7fe35ed39000 ---p 00000000 00:00 0 
7fe35ed39000-7fe35ee36000 rw-p 00000000 00:00 0 
7fe35ee36000-7fe35ee37000 ---p 00000000 00:00 0 
7fe35ee37000-7fe35f47c000 rw-p 00000000 00:00 0 
7fe35f47c000-7fe35f83c000 ---p 00000000 00:00 0 
7fe35f83c000-7fe35f889000 rw-p 00000000 00:00 0 
7fe35f889000-7fe35f925000 ---p 00000000 00:00 0 
7fe35f925000-7fe35f92b000 rw-p 00000000 00:00 0 
7fe35f92b000-7fe35f978000 ---p 00000000 00:00 0 
7fe35f978000-7fe35f983000 rw-p 00000000 00:00 0 
7fe35f983000-7fe35fa1e000 ---p 00000000 00:00 0 
7fe35fa1e000-7fe35fa24000 rw-p 00000000 00:00 0 
7fe35fa24000-7fe35fb0a000 ---p 00000000 00:00 0 
7fe35fb0a000-7fe35fb0f000 rw-p 00000000 00:00 0 
7fe35fb0f000-7fe35fbf5000 ---p 00000000 00:00 0 
7fe35fbf5000-7fe35fbfa000 rw-p 00000000 00:00 0 
7fe35fbfa000-7fe35fc01000 ---p 00000000 00:00 0 
7fe35fc01000-7fe35fc03000 r--s 0000c000 08:05 571230                     /usr/share/java/java-atk-wrapper.jar
7fe35fc03000-7fe35fc06000 r--p 00000000 08:05 395462                     /usr/lib/x86_64-linux-gnu/libnss_files-2.31.so
7fe35fc06000-7fe35fc0d000 r-xp 00003000 08:05 395462                     /usr/lib/x86_64-linux-gnu/libnss_files-2.31.so
7fe35fc0d000-7fe35fc0f000 r--p 0000a000 08:05 395462                     /usr/lib/x86_64-linux-gnu/libnss_files-2.31.so
7fe35fc0f000-7fe35fc10000 r--p 0000b000 08:05 395462                     /usr/lib/x86_64-linux-gnu/libnss_files-2.31.so
7fe35fc10000-7fe35fc11000 rw-p 0000c000 08:05 395462                     /usr/lib/x86_64-linux-gnu/libnss_files-2.31.so
7fe35fc11000-7fe35fc17000 rw-p 00000000 00:00 0 
7fe35fc18000-7fe35fc1a000 r--p 00000000 08:05 12245                      /usr/lib/jvm/java-11-openjdk-amd64/lib/libzip.so
7fe35fc1a000-7fe35fc1e000 r-xp 00002000 08:05 12245                      /usr/lib/jvm/java-11-openjdk-amd64/lib/libzip.so
7fe35fc1e000-7fe35fc20000 r--p 00006000 08:05 12245                      /usr/lib/jvm/java-11-openjdk-amd64/lib/libzip.so
7fe35fc20000-7fe35fc21000 r--p 00007000 08:05 12245                      /usr/lib/jvm/java-11-openjdk-amd64/lib/libzip.so
7fe35fc21000-7fe35fc22000 rw-p 00008000 08:05 12245                      /usr/lib/jvm/java-11-openjdk-amd64/lib/libzip.so
7fe35fc22000-7fe35fc2a000 rw-s 00000000 08:05 265063                     /tmp/hsperfdata_theodorebasmanov/1417
7fe35fc2a000-7fe35fc2b000 ---p 00000000 00:00 0 
7fe35fc2b000-7fe35fc2c000 r--p 00000000 00:00 0 
7fe35fc2c000-7fe35fc2e000 r--p 00000000 08:05 12228                      /usr/lib/jvm/java-11-openjdk-amd64/lib/libjimage.so
7fe35fc2e000-7fe35fc31000 r-xp 00002000 08:05 12228                      /usr/lib/jvm/java-11-openjdk-amd64/lib/libjimage.so
7fe35fc31000-7fe35fc32000 r--p 00005000 08:05 12228                      /usr/lib/jvm/java-11-openjdk-amd64/lib/libjimage.so
7fe35fc32000-7fe35fc33000 ---p 00006000 08:05 12228                      /usr/lib/jvm/java-11-openjdk-amd64/lib/libjimage.so
7fe35fc33000-7fe35fc34000 r--p 00006000 08:05 12228                      /usr/lib/jvm/java-11-openjdk-amd64/lib/libjimage.so
7fe35fc34000-7fe35fc35000 rw-p 00007000 08:05 12228                      /usr/lib/jvm/java-11-openjdk-amd64/lib/libjimage.so
7fe35fc35000-7fe35fc43000 r--p 00000000 08:05 12224                      /usr/lib/jvm/java-11-openjdk-amd64/lib/libjava.so
7fe35fc43000-7fe35fc59000 r-xp 0000e000 08:05 12224                      /usr/lib/jvm/java-11-openjdk-amd64/lib/libjava.so
7fe35fc59000-7fe35fc60000 r--p 00024000 08:05 12224                      /usr/lib/jvm/java-11-openjdk-amd64/lib/libjava.so
7fe35fc60000-7fe35fc61000 r--p 0002a000 08:05 12224                      /usr/lib/jvm/java-11-openjdk-amd64/lib/libjava.so
7fe35fc61000-7fe35fc62000 rw-p 0002b000 08:05 12224                      /usr/lib/jvm/java-11-openjdk-amd64/lib/libjava.so
7fe35fc62000-7fe35fc63000 rw-p 00000000 00:00 0 
7fe35fc63000-7fe35fc66000 r--p 00000000 08:05 395469                     /usr/lib/x86_64-linux-gnu/librt-2.31.so
7fe35fc66000-7fe35fc6a000 r-xp 00003000 08:05 395469                     /usr/lib/x86_64-linux-gnu/librt-2.31.so
7fe35fc6a000-7fe35fc6b000 r--p 00007000 08:05 395469                     /usr/lib/x86_64-linux-gnu/librt-2.31.so
7fe35fc6b000-7fe35fc6c000 ---p 00008000 08:05 395469                     /usr/lib/x86_64-linux-gnu/librt-2.31.so
7fe35fc6c000-7fe35fc6d000 r--p 00008000 08:05 395469                     /usr/lib/x86_64-linux-gnu/librt-2.31.so
7fe35fc6d000-7fe35fc6e000 rw-p 00009000 08:05 395469                     /usr/lib/x86_64-linux-gnu/librt-2.31.so
7fe35fc6e000-7fe35fc72000 ---p 00000000 00:00 0 
7fe35fc72000-7fe35fd6f000 rw-p 00000000 00:00 0 
7fe35fd6f000-7fe35fd72000 r--p 00000000 08:05 395445                     /usr/lib/x86_64-linux-gnu/libgcc_s.so.1
7fe35fd72000-7fe35fd84000 r-xp 00003000 08:05 395445                     /usr/lib/x86_64-linux-gnu/libgcc_s.so.1
7fe35fd84000-7fe35fd88000 r--p 00015000 08:05 395445                     /usr/lib/x86_64-linux-gnu/libgcc_s.so.1
7fe35fd88000-7fe35fd89000 r--p 00018000 08:05 395445                     /usr/lib/x86_64-linux-gnu/libgcc_s.so.1
7fe35fd89000-7fe35fd8a000 rw-p 00019000 08:05 395445                     /usr/lib/x86_64-linux-gnu/libgcc_s.so.1
7fe35fd8a000-7fe35fd99000 r--p 00000000 08:05 395452                     /usr/lib/x86_64-linux-gnu/libm-2.31.so
7fe35fd99000-7fe35fe40000 r-xp 0000f000 08:05 395452                     /usr/lib/x86_64-linux-gnu/libm-2.31.so
7fe35fe40000-7fe35fed7000 r--p 000b6000 08:05 395452                     /usr/lib/x86_64-linux-gnu/libm-2.31.so
7fe35fed7000-7fe35fed8000 r--p 0014c000 08:05 395452                     /usr/lib/x86_64-linux-gnu/libm-2.31.so
7fe35fed8000-7fe35fed9000 rw-p 0014d000 08:05 395452                     /usr/lib/x86_64-linux-gnu/libm-2.31.so
7fe35fed9000-7fe35ff6f000 r--p 00000000 08:05 395434                     /usr/lib/x86_64-linux-gnu/libstdc++.so.6.0.28
7fe35ff6f000-7fe36005f000 r-xp 00096000 08:05 395434                     /usr/lib/x86_64-linux-gnu/libstdc++.so.6.0.28
7fe36005f000-7fe3600a8000 r--p 00186000 08:05 395434                     /usr/lib/x86_64-linux-gnu/libstdc++.so.6.0.28
7fe3600a8000-7fe3600a9000 ---p 001cf000 08:05 395434                     /usr/lib/x86_64-linux-gnu/libstdc++.so.6.0.28
7fe3600a9000-7fe3600b4000 r--p 001cf000 08:05 395434                     /usr/lib/x86_64-linux-gnu/libstdc++.so.6.0.28
7fe3600b4000-7fe3600b7000 rw-p 001da000 08:05 395434                     /usr/lib/x86_64-linux-gnu/libstdc++.so.6.0.28
7fe3600b7000-7fe3600ba000 rw-p 00000000 00:00 0 
7fe3600ba000-7fe360327000 r--p 00000000 08:05 12251                      /usr/lib/jvm/java-11-openjdk-amd64/lib/server/libjvm.so
7fe360327000-7fe360ebb000 r-xp 0026d000 08:05 12251                      /usr/lib/jvm/java-11-openjdk-amd64/lib/server/libjvm.so
7fe360ebb000-7fe3610f2000 r--p 00e01000 08:05 12251                      /usr/lib/jvm/java-11-openjdk-amd64/lib/server/libjvm.so
7fe3610f2000-7fe3611af000 r--p 01037000 08:05 12251                      /usr/lib/jvm/java-11-openjdk-amd64/lib/server/libjvm.so
7fe3611af000-7fe3611e8000 rw-p 010f4000 08:05 12251                      /usr/lib/jvm/java-11-openjdk-amd64/lib/server/libjvm.so
7fe3611e8000-7fe361241000 rw-p 00000000 00:00 0 
7fe361241000-7fe361248000 r--p 00000000 08:05 395467                     /usr/lib/x86_64-linux-gnu/libpthread-2.31.so
7fe361248000-7fe361259000 r-xp 00007000 08:05 395467                     /usr/lib/x86_64-linux-gnu/libpthread-2.31.so
7fe361259000-7fe36125e000 r--p 00018000 08:05 395467                     /usr/lib/x86_64-linux-gnu/libpthread-2.31.so
7fe36125e000-7fe36125f000 r--p 0001c000 08:05 395467                     /usr/lib/x86_64-linux-gnu/libpthread-2.31.so
7fe36125f000-7fe361260000 rw-p 0001d000 08:05 395467                     /usr/lib/x86_64-linux-gnu/libpthread-2.31.so
7fe361260000-7fe361264000 rw-p 00000000 00:00 0 
7fe361264000-7fe361265000 r--p 00000000 08:05 395451                     /usr/lib/x86_64-linux-gnu/libdl-2.31.so
7fe361265000-7fe361267000 r-xp 00001000 08:05 395451                     /usr/lib/x86_64-linux-gnu/libdl-2.31.so
7fe361267000-7fe361268000 r--p 00003000 08:05 395451                     /usr/lib/x86_64-linux-gnu/libdl-2.31.so
7fe361268000-7fe361269000 r--p 00003000 08:05 395451                     /usr/lib/x86_64-linux-gnu/libdl-2.31.so
7fe361269000-7fe36126a000 rw-p 00004000 08:05 395451                     /usr/lib/x86_64-linux-gnu/libdl-2.31.so
7fe36126a000-7fe36126c000 r--p 00000000 08:05 406818                     /usr/lib/x86_64-linux-gnu/libz.so.1.2.11
7fe36126c000-7fe36127d000 r-xp 00002000 08:05 406818                     /usr/lib/x86_64-linux-gnu/libz.so.1.2.11
7fe36127d000-7fe361283000 r--p 00013000 08:05 406818                     /usr/lib/x86_64-linux-gnu/libz.so.1.2.11
7fe361283000-7fe361284000 ---p 00019000 08:05 406818                     /usr/lib/x86_64-linux-gnu/libz.so.1.2.11
7fe361284000-7fe361285000 r--p 00019000 08:05 406818                     /usr/lib/x86_64-linux-gnu/libz.so.1.2.11
7fe361285000-7fe361286000 rw-p 0001a000 08:05 406818                     /usr/lib/x86_64-linux-gnu/libz.so.1.2.11
7fe361286000-7fe3612ab000 r--p 00000000 08:05 395450                     /usr/lib/x86_64-linux-gnu/libc-2.31.so
7fe3612ab000-7fe361423000 r-xp 00025000 08:05 395450                     /usr/lib/x86_64-linux-gnu/libc-2.31.so
7fe361423000-7fe36146d000 r--p 0019d000 08:05 395450                     /usr/lib/x86_64-linux-gnu/libc-2.31.so
7fe36146d000-7fe36146e000 ---p 001e7000 08:05 395450                     /usr/lib/x86_64-linux-gnu/libc-2.31.so
7fe36146e000-7fe361471000 r--p 001e7000 08:05 395450                     /usr/lib/x86_64-linux-gnu/libc-2.31.so
7fe361471000-7fe361474000 rw-p 001ea000 08:05 395450                     /usr/lib/x86_64-linux-gnu/libc-2.31.so
7fe361474000-7fe361478000 rw-p 00000000 00:00 0 
7fe361479000-7fe36147e000 r--p 00000000 08:05 12244                      /usr/lib/jvm/java-11-openjdk-amd64/lib/libverify.so
7fe36147e000-7fe361485000 r-xp 00005000 08:05 12244                      /usr/lib/jvm/java-11-openjdk-amd64/lib/libverify.so
7fe361485000-7fe361487000 r--p 0000c000 08:05 12244                      /usr/lib/jvm/java-11-openjdk-amd64/lib/libverify.so
7fe361487000-7fe361488000 ---p 0000e000 08:05 12244                      /usr/lib/jvm/java-11-openjdk-amd64/lib/libverify.so
7fe361488000-7fe36148a000 r--p 0000e000 08:05 12244                      /usr/lib/jvm/java-11-openjdk-amd64/lib/libverify.so
7fe36148a000-7fe36148b000 rw-p 00010000 08:05 12244                      /usr/lib/jvm/java-11-openjdk-amd64/lib/libverify.so
7fe36148b000-7fe36148e000 r--p 00000000 08:05 12208                      /usr/lib/jvm/java-11-openjdk-amd64/lib/jli/libjli.so
7fe36148e000-7fe361498000 r-xp 00003000 08:05 12208                      /usr/lib/jvm/java-11-openjdk-amd64/lib/jli/libjli.so
7fe361498000-7fe36149b000 r--p 0000d000 08:05 12208                      /usr/lib/jvm/java-11-openjdk-amd64/lib/jli/libjli.so
7fe36149b000-7fe36149c000 ---p 00010000 08:05 12208                      /usr/lib/jvm/java-11-openjdk-amd64/lib/jli/libjli.so
7fe36149c000-7fe36149d000 r--p 00010000 08:05 12208                      /usr/lib/jvm/java-11-openjdk-amd64/lib/jli/libjli.so
7fe36149d000-7fe36149e000 rw-p 00011000 08:05 12208                      /usr/lib/jvm/java-11-openjdk-amd64/lib/jli/libjli.so
7fe36149e000-7fe3614a0000 rw-p 00000000 00:00 0 
7fe3614a0000-7fe3614a1000 r--p 00000000 08:05 395446                     /usr/lib/x86_64-linux-gnu/ld-2.31.so
7fe3614a1000-7fe3614c4000 r-xp 00001000 08:05 395446                     /usr/lib/x86_64-linux-gnu/ld-2.31.so
7fe3614c4000-7fe3614cc000 r--p 00024000 08:05 395446                     /usr/lib/x86_64-linux-gnu/ld-2.31.so
7fe3614cd000-7fe3614ce000 r--p 0002c000 08:05 395446                     /usr/lib/x86_64-linux-gnu/ld-2.31.so
7fe3614ce000-7fe3614cf000 rw-p 0002d000 08:05 395446                     /usr/lib/x86_64-linux-gnu/ld-2.31.so
7fe3614cf000-7fe3614d0000 rw-p 00000000 00:00 0 
7ffdffa7a000-7ffdffa9b000 rw-p 00000000 00:00 0                          [stack]
7ffdffb54000-7ffdffb57000 r--p 00000000 00:00 0                          [vvar]
7ffdffb57000-7ffdffb58000 r-xp 00000000 00:00 0                          [vdso]
ffffffffff600000-ffffffffff601000 --xp 00000000 00:00 0                  [vsyscall]


VM Arguments:
jvm_args: -Dfile.encoding=UTF-8 -Duser.country=US -Duser.language=en -Duser.variant 
java_command: os.server.Main
java_class_path (initial): /home/theodorebasmanov/OS Labs/Lab2/lab2/server/build/classes/java/main:/home/theodorebasmanov/OS Labs/Lab2/lab2/server/build/resources/main:/home/theodorebasmanov/OS Labs/Lab2/lab2/utils/build/libs/utils-1.0-SNAPSHOT.jar
Launcher Type: SUN_STANDARD

[Global flags]
     intx CICompilerCount                          = 2                                         {product} {ergonomic}
   size_t InitialHeapSize                          = 33554432                                  {product} {ergonomic}
   size_t MaxHeapSize                              = 522190848                                 {product} {ergonomic}
   size_t MaxNewSize                               = 174063616                                 {product} {ergonomic}
   size_t MinHeapDeltaBytes                        = 196608                                    {product} {ergonomic}
   size_t NewSize                                  = 11141120                                  {product} {ergonomic}
    uintx NonNMethodCodeHeapSize                   = 5825164                                {pd product} {ergonomic}
    uintx NonProfiledCodeHeapSize                  = 122916538                              {pd product} {ergonomic}
   size_t OldSize                                  = 22413312                                  {product} {ergonomic}
    uintx ProfiledCodeHeapSize                     = 122916538                              {pd product} {ergonomic}
    uintx ReservedCodeCacheSize                    = 251658240                              {pd product} {ergonomic}
     bool SegmentedCodeCache                       = true                                      {product} {ergonomic}
     bool UseCompressedClassPointers               = true                                 {lp64_product} {ergonomic}
     bool UseCompressedOops                        = true                                 {lp64_product} {ergonomic}
     bool UseSerialGC                              = true                                      {product} {ergonomic}

Logging:
Log output configuration:
 #0: stdout all=warning uptime,level,tags
 #1: stderr all=off uptime,level,tags

Environment Variables:
PATH=/usr/local/sbin:/usr/local/bin:/usr/sbin:/usr/bin:/sbin:/bin:/usr/games:/usr/local/games:/snap/bin
SHELL=/bin/bash
DISPLAY=:0.0
LANG=en_US.UTF-8

Signal Handlers:
SIGSEGV: [libjvm.so+0xd8e010], sa_mask[0]=11111111011111111101111111111110, sa_flags=SA_RESTART|SA_SIGINFO
SIGBUS: [libjvm.so+0xd8e010], sa_mask[0]=11111111011111111101111111111110, sa_flags=SA_RESTART|SA_SIGINFO
SIGFPE: [libjvm.so+0xd8e010], sa_mask[0]=11111111011111111101111111111110, sa_flags=SA_RESTART|SA_SIGINFO
SIGPIPE: [libjvm.so+0xb86b30], sa_mask[0]=11111111011111111101111111111110, sa_flags=SA_RESTART|SA_SIGINFO
SIGXFSZ: [libjvm.so+0xb86b30], sa_mask[0]=11111111011111111101111111111110, sa_flags=SA_RESTART|SA_SIGINFO
SIGILL: [libjvm.so+0xd8e010], sa_mask[0]=11111111011111111101111111111110, sa_flags=SA_RESTART|SA_SIGINFO
SIGUSR2: [libjvm.so+0xb869d0], sa_mask[0]=00100000000000000000000000000000, sa_flags=SA_RESTART|SA_SIGINFO
SIGHUP: [libjvm.so+0xb86e70], sa_mask[0]=11111111011111111101111111111110, sa_flags=SA_RESTART|SA_SIGINFO
SIGINT: [libjvm.so+0xb86e70], sa_mask[0]=11111111011111111101111111111110, sa_flags=SA_RESTART|SA_SIGINFO
SIGTERM: [libbridge.so+0x29e0], sa_mask[0]=00000000000000100000000000000000, sa_flags=SA_RESTART
SIGQUIT: [libjvm.so+0xb86e70], sa_mask[0]=11111111011111111101111111111110, sa_flags=SA_RESTART|SA_SIGINFO


---------------  S Y S T E M  ---------------

OS:DISTRIB_ID=Ubuntu
DISTRIB_RELEASE=20.04
DISTRIB_CODENAME=focal
DISTRIB_DESCRIPTION="Ubuntu 20.04.1 LTS"
uname:Linux 5.4.0-51-generic #56-Ubuntu SMP Mon Oct 5 14:28:49 UTC 2020 x86_64
OS uptime: 0 days 0:01 hours
libc:glibc 2.31 NPTL 2.31 
rlimit (soft/hard): STACK 8192k/infinity , CORE 0k/infinity , NPROC 7730/7730 , NOFILE 1048576/1048576 , AS infinity/infinity , CPU infinity/infinity , DATA infinity/infinity , FSIZE infinity/infinity , MEMLOCK 65536k/65536k
load average:2,28 0,93 0,34

/proc/meminfo:
MemTotal:        2035504 kB
MemFree:          684108 kB
MemAvailable:    1134628 kB
Buffers:           43492 kB
Cached:           522792 kB
SwapCached:            0 kB
Active:           891064 kB
Inactive:         328288 kB
Active(anon):     654040 kB
Inactive(anon):     2996 kB
Active(file):     237024 kB
Inactive(file):   325292 kB
Unevictable:          32 kB
Mlocked:              32 kB
SwapTotal:        459260 kB
SwapFree:         459260 kB
Dirty:               588 kB
Writeback:             0 kB
AnonPages:        653192 kB
Mapped:           182300 kB
Shmem:              3892 kB
KReclaimable:      39508 kB
Slab:              85308 kB
SReclaimable:      39508 kB
SUnreclaim:        45800 kB
KernelStack:        5548 kB
PageTables:         9496 kB
NFS_Unstable:          0 kB
Bounce:                0 kB
WritebackTmp:          0 kB
CommitLimit:     1477012 kB
Committed_AS:    2500224 kB
VmallocTotal:   34359738367 kB
VmallocUsed:       28952 kB
VmallocChunk:          0 kB
Percpu:              588 kB
HardwareCorrupted:     0 kB
AnonHugePages:         0 kB
ShmemHugePages:        0 kB
ShmemPmdMapped:        0 kB
FileHugePages:         0 kB
FilePmdMapped:         0 kB
CmaTotal:              0 kB
CmaFree:               0 kB
HugePages_Total:       0
HugePages_Free:        0
HugePages_Rsvd:        0
HugePages_Surp:        0
Hugepagesize:       2048 kB
Hugetlb:               0 kB
DirectMap4k:      114624 kB
DirectMap2M:     1982464 kB

/sys/kernel/mm/transparent_hugepage/enabled:
always [madvise] never

/sys/kernel/mm/transparent_hugepage/defrag (defrag/compaction efforts parameter):
always defer defer+madvise [madvise] never


/proc/sys/kernel/threads-max (system-wide limit on the number of threads):
15461


/proc/sys/vm/max_map_count (maximum number of memory map areas a process may have):
65530


/proc/sys/kernel/pid_max (system-wide limit on number of process identifiers):
4194304



container (cgroup) information:
container_type: cgroupv1
cpu_cpuset_cpus: 0
cpu_memory_nodes: 0
active_processor_count: 1
cpu_quota: -1
cpu_period: 100000
cpu_shares: -1
memory_limit_in_bytes: -1
memory_and_swap_limit_in_bytes: -2
memory_soft_limit_in_bytes: -1
memory_usage_in_bytes: 743280640
memory_max_usage_in_bytes: 763457536

KVM virtualization detected
Steal ticks since vm start: 0
Steal ticks percentage since vm start:  0,000

CPU:total 1 (initial active 1) (1 cores per cpu, 1 threads per core) family 6 model 142 stepping 10, cmov, cx8, fxsr, mmx, sse, sse2, sse3, ssse3, sse4.1, sse4.2, popcnt, avx, avx2, aes, clmul, 3dnowpref, lzcnt, tsc, tscinvbit
CPU Model and flags from /proc/cpuinfo:
model name	: Intel(R) Core(TM) i5-8250U CPU @ 1.60GHz
flags		: fpu vme de pse tsc msr pae mce cx8 apic sep mtrr pge mca cmov pat pse36 clflush mmx fxsr sse sse2 ht syscall nx rdtscp lm constant_tsc rep_good nopl xtopology nonstop_tsc cpuid tsc_known_freq pni pclmulqdq monitor ssse3 cx16 pcid sse4_1 sse4_2 x2apic movbe popcnt aes xsave avx rdrand hypervisor lahf_lm abm 3dnowprefetch invpcid_single pti fsgsbase avx2 invpcid rdseed clflushopt

Memory: 4k page, physical 2035504k(684108k free), swap 459260k(459260k free)

vm_info: OpenJDK 64-Bit Server VM (11.0.8+10-post-Ubuntu-0ubuntu120.04) for linux-amd64 JRE (11.0.8+10-post-Ubuntu-0ubuntu120.04), built on Jul 15 2020 20:45:24 by "unknown" with gcc 9.3.0

END.
